<?xml version="1.0" encoding="UTF-8"?>
<!-- Generated by org.testng.reporters.JUnitReportReporter -->
<testsuite hostname="DESKTOP-AJLC7JG" failures="0" tests="1" name="responsebody.ResponseBodyClass" time="2.212" errors="0" timestamp="2024-04-25T14:59:09 IST" skipped="0">
  <testcase classname="responsebody.ResponseBodyClass" name="getBodydetails" time="2.212"/>
  <system-out/>
</testsuite> <!-- responsebody.ResponseBodyClass -->
