<?xml version="1.0" encoding="UTF-8"?>
<!-- Generated by org.testng.reporters.JUnitReportReporter -->
<testsuite hostname="DESKTOP-AJLC7JG" failures="0" tests="1" name="jsonparsing.ResponseBodyValidation" time="2.924" errors="0" timestamp="2024-04-23T17:06:10 IST" skipped="0">
  <testcase classname="jsonparsing.ResponseBodyValidation" name="test5" time="2.924"/>
  <system-out/>
</testsuite> <!-- jsonparsing.ResponseBodyValidation -->
