<?xml version="1.0" encoding="UTF-8"?>
<!-- Generated by org.testng.reporters.JUnitReportReporter -->
<testsuite hostname="DESKTOP-AJLC7JG" failures="0" tests="1" name="headers.ValidateHeaders" time="3.411" errors="0" timestamp="2024-04-23T11:13:49 IST" skipped="0">
  <testcase classname="headers.ValidateHeaders" name="test2" time="3.411"/>
  <system-out/>
</testsuite> <!-- headers.ValidateHeaders -->
