<?xml version="1.0" encoding="UTF-8"?>
<!-- Generated by org.testng.reporters.JUnitReportReporter -->
<testsuite hostname="DESKTOP-AJLC7JG" failures="0" tests="1" name="cookies.HandleCookies" time="2.397" errors="0" timestamp="2024-04-23T10:31:41 IST" skipped="0">
  <testcase classname="cookies.HandleCookies" name="test3" time="2.397"/>
  <system-out/>
</testsuite> <!-- cookies.HandleCookies -->
